nohup: ignoring input
6_47.txt_li_best MiCo	1358.49	614382140
6_28.txt_li_best MiCo	4936.54	1617855723
6_50.txt_li_best MiCo	2467.81	825415927
6_107.txt_li_best MiCo	1549.51	482039248
6_110.txt_li_best MiCo	2230.3	460742567
6_111.txt_li_best MiCo	2591.79	448980895
6_53.txt_li_best MiCo	2692.65	888508759
6_62.txt_li_best MiCo	2048.49	629956709
6_47.txt_li_best Youtube	54.4808	2806201
6_28.txt_li_best Youtube	620.672	193598375
6_50.txt_li_best Youtube	417.038	9919293
6_107.txt_li_best Youtube	88.7086	50820
6_110.txt_li_best Youtube	99.0387	22954
6_111.txt_li_best Youtube	131.167	11406
6_53.txt_li_best Youtube	396.824	11248383
6_62.txt_li_best Youtube	151.26	3380769
6_47.txt_li_best Orkut	12585	5708492938
6_28.txt_li_best Orkut	800817	622763664312
6_50.txt_li_best Orkut	1.42382e+06	20432345475
6_107.txt_li_best Orkut	6012.55	110149631
6_110.txt_li_best Orkut	5932.67	71125120
6_111.txt_li_best Orkut	5437.98	51476368
6_53.txt_li_best Orkut	415670	16484408005
6_62.txt_li_best Orkut	503492	6773144024
6_47.txt_li_best LiveJournal	58189.1	30379501122
6_28.txt_li_best LiveJournal	133943	68679289149
6_50.txt_li_best LiveJournal	130529	39259639109
6_107.txt_li_best LiveJournal	110435	19081412572
6_110.txt_li_best LiveJournal	156588	17294299278
6_111.txt_li_best LiveJournal	172881	16012987383
6_53.txt_li_best LiveJournal	127701	38655530372
6_62.txt_li_best LiveJournal	121818	32719005945
7_830.txt_li_best MiCo	44682.1	9082702376
7_845.txt_li_best MiCo	59603	9118009979
7_846.txt_li_best MiCo	55239.5	9076132133
7_847.txt_li_best MiCo	61623.7	8946474822
7_848.txt_li_best MiCo	46943.3	8815853130
7_850.txt_li_best MiCo	56190.6	8771310361
7_851.txt_li_best MiCo	48920.1	8652654801
7_852.txt_li_best MiCo	65286.2	8491537308
7_830.txt_li_best Youtube	176.698	31993
7_845.txt_li_best Youtube	270.297	28843
7_846.txt_li_best Youtube	371.361	33034
7_847.txt_li_best Youtube	228.336	19547
7_848.txt_li_best Youtube	250.82	17125
7_850.txt_li_best Youtube	213.58	10155
7_851.txt_li_best Youtube	301.202	8530
7_852.txt_li_best Youtube	281.534	3928
7_830.txt_li_best Orkut	18594.7	414286440
7_845.txt_li_best Orkut	39458.6	494648874
7_846.txt_li_best Orkut	53865.4	474203677
7_847.txt_li_best Orkut	27508.5	365752135
7_848.txt_li_best Orkut	20143	295015864
7_850.txt_li_best Orkut	23024.3	277044861
7_851.txt_li_best Orkut	20309.7	226749503
7_852.txt_li_best Orkut	19515.2	182096343
7_830.txt_li_best LiveJournal	4.16399e+06	596051299897
7_845.txt_li_best LiveJournal	7.8119e+06	610082670304
7_846.txt_li_best LiveJournal	7.36238e+06	606519616056
7_847.txt_li_best LiveJournal	6.27827e+06	573792959368
7_848.txt_li_best LiveJournal	4.2334e+06	545748266705
7_850.txt_li_best LiveJournal